<?xml version="1.0" encoding="UTF-8"?>
<testsuite name="TestDiffer" tests="2" skipped="0" failures="0" errors="0" timestamp="2023-12-20T18:03:48" hostname="MacBook-Pro-Dmitrii.local" time="0.286">
  <properties/>
  <testcase name="testRightComparisonFormatJSONJ()" classname="TestDiffer" time="0.255"/>
  <testcase name="testRightComparison()" classname="TestDiffer" time="0.03"/>
  <system-out><![CDATA[]]></system-out>
  <system-err><![CDATA[]]></system-err>
</testsuite>
